<?xml version="1.0" encoding="UTF-8"?>
<testng-results ignored="0" total="5" passed="5" failed="0" skipped="0">
  <reporter-output>
  </reporter-output>
  <suite started-at="2023-06-24T22:10:09 IST" name="Suite" finished-at="2023-06-24T22:10:26 IST" duration-ms="17050">
    <groups>
    </groups>
    <test started-at="2023-06-24T22:10:09 IST" name="Test3" finished-at="2023-06-24T22:10:19 IST" duration-ms="10087">
      <class name="testcases.SignupTest">
        <test-method is-config="true" signature="launchWebsite()[pri:0, instance:testcases.SignupTest@247310d0]" started-at="2023-06-24T22:10:09 IST" name="launchWebsite" finished-at="2023-06-24T22:10:15 IST" duration-ms="6685" status="PASS">
          <reporter-output>
          </reporter-output>
        </test-method> <!-- launchWebsite -->
        <test-method signature="signUpApplication()[pri:0, instance:testcases.SignupTest@247310d0]" started-at="2023-06-24T22:10:15 IST" name="signUpApplication" finished-at="2023-06-24T22:10:18 IST" duration-ms="2894" status="PASS">
          <reporter-output>
          </reporter-output>
        </test-method> <!-- signUpApplication -->
        <test-method is-config="true" signature="TearDown()[pri:0, instance:testcases.SignupTest@247310d0]" started-at="2023-06-24T22:10:18 IST" name="TearDown" finished-at="2023-06-24T22:10:19 IST" duration-ms="463" status="PASS">
          <reporter-output>
          </reporter-output>
        </test-method> <!-- TearDown -->
      </class> <!-- testcases.SignupTest -->
    </test> <!-- Test3 -->
    <test started-at="2023-06-24T22:10:09 IST" name="Test4" finished-at="2023-06-24T22:10:20 IST" duration-ms="11043">
      <class name="testcases.LoginTest2Test">
        <test-method is-config="true" signature="launchWebsite()[pri:0, instance:testcases.LoginTest2Test@4082ba93]" started-at="2023-06-24T22:10:09 IST" name="launchWebsite" finished-at="2023-06-24T22:10:14 IST" duration-ms="5796" status="PASS">
          <reporter-output>
          </reporter-output>
        </test-method> <!-- launchWebsite -->
        <test-method signature="LoginIntopApplication()[pri:0, instance:testcases.LoginTest2Test@4082ba93]" started-at="2023-06-24T22:10:14 IST" name="LoginIntopApplication" finished-at="2023-06-24T22:10:19 IST" duration-ms="4866" status="PASS">
          <reporter-output>
          </reporter-output>
        </test-method> <!-- LoginIntopApplication -->
        <test-method is-config="true" signature="TearDown()[pri:0, instance:testcases.LoginTest2Test@4082ba93]" started-at="2023-06-24T22:10:19 IST" name="TearDown" finished-at="2023-06-24T22:10:20 IST" duration-ms="342" status="PASS">
          <reporter-output>
          </reporter-output>
        </test-method> <!-- TearDown -->
      </class> <!-- testcases.LoginTest2Test -->
    </test> <!-- Test4 -->
    <test started-at="2023-06-24T22:10:09 IST" name="Test1" finished-at="2023-06-24T22:10:20 IST" duration-ms="11552">
      <class name="testcases.LoginTest">
        <test-method is-config="true" signature="launchWebsite()[pri:0, instance:testcases.LoginTest@74d1dc36]" started-at="2023-06-24T22:10:09 IST" name="launchWebsite" finished-at="2023-06-24T22:10:15 IST" duration-ms="6643" status="PASS">
          <reporter-output>
          </reporter-output>
        </test-method> <!-- launchWebsite -->
        <test-method signature="LoginIntopApplication()[pri:0, instance:testcases.LoginTest@74d1dc36]" started-at="2023-06-24T22:10:15 IST" name="LoginIntopApplication" finished-at="2023-06-24T22:10:20 IST" duration-ms="4555" status="PASS">
          <reporter-output>
          </reporter-output>
        </test-method> <!-- LoginIntopApplication -->
        <test-method is-config="true" signature="TearDown()[pri:0, instance:testcases.LoginTest@74d1dc36]" started-at="2023-06-24T22:10:20 IST" name="TearDown" finished-at="2023-06-24T22:10:20 IST" duration-ms="327" status="PASS">
          <reporter-output>
          </reporter-output>
        </test-method> <!-- TearDown -->
      </class> <!-- testcases.LoginTest -->
    </test> <!-- Test1 -->
    <test started-at="2023-06-24T22:10:09 IST" name="Test2" finished-at="2023-06-24T22:10:26 IST" duration-ms="17050">
      <class name="testcases.PurchaseProductTest">
        <test-method is-config="true" signature="launchWebsite()[pri:0, instance:testcases.PurchaseProductTest@6c284af]" started-at="2023-06-24T22:10:09 IST" name="launchWebsite" finished-at="2023-06-24T22:10:15 IST" duration-ms="5983" status="PASS">
          <reporter-output>
          </reporter-output>
        </test-method> <!-- launchWebsite -->
        <test-method signature="loginwebapp()[pri:0, instance:testcases.PurchaseProductTest@6c284af]" started-at="2023-06-24T22:10:15 IST" name="loginwebapp" finished-at="2023-06-24T22:10:19 IST" duration-ms="4589" status="PASS">
          <reporter-output>
          </reporter-output>
        </test-method> <!-- loginwebapp -->
        <test-method signature="purchaseProductFromWebsite()[pri:0, instance:testcases.PurchaseProductTest@6c284af]" started-at="2023-06-24T22:10:19 IST" name="purchaseProductFromWebsite" finished-at="2023-06-24T22:10:25 IST" depends-on-methods="testcases.PurchaseProductTest.loginwebapp" duration-ms="6145" status="PASS">
          <reporter-output>
          </reporter-output>
        </test-method> <!-- purchaseProductFromWebsite -->
        <test-method is-config="true" signature="TearDown()[pri:0, instance:testcases.PurchaseProductTest@6c284af]" started-at="2023-06-24T22:10:25 IST" name="TearDown" finished-at="2023-06-24T22:10:26 IST" duration-ms="302" status="PASS">
          <reporter-output>
          </reporter-output>
        </test-method> <!-- TearDown -->
      </class> <!-- testcases.PurchaseProductTest -->
    </test> <!-- Test2 -->
  </suite> <!-- Suite -->
</testng-results>
